<?xml version="1.0" encoding="UTF-8"?>
<!-- Generated by org.testng.reporters.JUnitXMLReporter -->
<testsuite hostname="DESKTOP-KL917OO" ignored="0" name="GetQuote Page Test" tests="8" failures="0" timestamp="31 Jan 2023 19:00:33 GMT" time="164.251" errors="0">
  <testcase name="verifyGetQuotePageTitle" time="0.163" classname="com.qa.qover.tests.GetQuotePageTest"/>
  <testcase name="VerifyerrorMessage_BikeTypeDropdown" time="1.583" classname="com.qa.qover.tests.GetQuotePageTest"/>
  <testcase name="VerifyErrorMessage_InsuredValueFieldMinimumIP" time="1.776" classname="com.qa.qover.tests.GetQuotePageTest"/>
  <testcase name="VerifyErrorMessage_InsuredValueFieldMaximumIP" time="2.163" classname="com.qa.qover.tests.GetQuotePageTest"/>
  <testcase name="VerifyquotGeneration_Omnium" time="4.233" classname="com.qa.qover.tests.GetQuotePageTest"/>
  <testcase name="VerifyquotGeneration_Omnium" time="3.591" classname="com.qa.qover.tests.GetQuotePageTest"/>
  <testcase name="VerifyquotGeneration_TheftandAssistance" time="3.604" classname="com.qa.qover.tests.GetQuotePageTest"/>
  <testcase name="VerifyquotGeneration_TheftandAssistance" time="3.824" classname="com.qa.qover.tests.GetQuotePageTest"/>
</testsuite> <!-- GetQuote Page Test -->
