<?xml version="1.0" encoding="UTF-8"?>
<!-- Generated by org.testng.reporters.JUnitXMLReporter -->
<testsuite hostname="DESKTOP-KL917OO" ignored="5" name="Default test" tests="2" failures="0" timestamp="31 Jan 2023 19:35:38 GMT" time="42.555" errors="0">
  <testcase name="VerifyquotGeneration_TheftandAssistance" time="4.257" classname="com.qa.qover.tests.GetQuotePageTest"/>
  <testcase name="VerifyquotGeneration_TheftandAssistance" time="3.293" classname="com.qa.qover.tests.GetQuotePageTest"/>
  <testcase name="VerifyquotGeneration_Omnium" time="0.0" classname="com.qa.qover.tests.GetQuotePageTest">
    <ignored/>
  </testcase> <!-- VerifyquotGeneration_Omnium -->
  <testcase name="verifyGetQuotePageTitle" time="0.0" classname="com.qa.qover.tests.GetQuotePageTest">
    <ignored/>
  </testcase> <!-- verifyGetQuotePageTitle -->
  <testcase name="VerifyErrorMessage_InsuredValueFieldMaximumIP" time="0.0" classname="com.qa.qover.tests.GetQuotePageTest">
    <ignored/>
  </testcase> <!-- VerifyErrorMessage_InsuredValueFieldMaximumIP -->
  <testcase name="VerifyerrorMessage_BikeTypeDropdown" time="0.0" classname="com.qa.qover.tests.GetQuotePageTest">
    <ignored/>
  </testcase> <!-- VerifyerrorMessage_BikeTypeDropdown -->
  <testcase name="VerifyErrorMessage_InsuredValueFieldMinimumIP" time="0.0" classname="com.qa.qover.tests.GetQuotePageTest">
    <ignored/>
  </testcase> <!-- VerifyErrorMessage_InsuredValueFieldMinimumIP -->
</testsuite> <!-- Default test -->
